Using pre-set license
Built from '2021.3/staging' branch; Version is '2021.3.13f1 (9e7d58001ecf) revision 10386776'; Using compiler version '192829333'; Build Type 'Release'
OS: 'Windows 10  (10.0.19045) 64bit Core' Language: 'en' Physical Memory: 24427 MB
BatchMode: 1, IsHumanControllingUs: 0, StartBugReporterOnCrash: 0, Is64bit: 1, IsPro: 1

COMMAND LINE ARGUMENTS:
E:\Program Files\Unity\2021.3.13f1\Editor\Unity.exe
-adb2
-batchMode
-noUpm
-name
AssetImportWorker0
-projectPath
E:/Unity Projects/IntroToRLProject
-logFile
Logs/AssetImportWorker0.log
-srvPort
62084
Successfully changed project path to: E:/Unity Projects/IntroToRLProject
E:/Unity Projects/IntroToRLProject
[UnityMemory] Configuration Parameters - Can be set up in boot.config
    "memorysetup-bucket-allocator-granularity=16"
    "memorysetup-bucket-allocator-bucket-count=8"
    "memorysetup-bucket-allocator-block-size=33554432"
    "memorysetup-bucket-allocator-block-count=8"
    "memorysetup-main-allocator-block-size=16777216"
    "memorysetup-thread-allocator-block-size=16777216"
    "memorysetup-gfx-main-allocator-block-size=16777216"
    "memorysetup-gfx-thread-allocator-block-size=16777216"
    "memorysetup-cache-allocator-block-size=4194304"
    "memorysetup-typetree-allocator-block-size=2097152"
    "memorysetup-profiler-bucket-allocator-granularity=16"
    "memorysetup-profiler-bucket-allocator-bucket-count=8"
    "memorysetup-profiler-bucket-allocator-block-size=33554432"
    "memorysetup-profiler-bucket-allocator-block-count=8"
    "memorysetup-profiler-allocator-block-size=16777216"
    "memorysetup-profiler-editor-allocator-block-size=1048576"
    "memorysetup-temp-allocator-size-main=16777216"
    "memorysetup-job-temp-allocator-block-size=2097152"
    "memorysetup-job-temp-allocator-block-size-background=1048576"
    "memorysetup-job-temp-allocator-reduction-small-platforms=262144"
    "memorysetup-temp-allocator-size-background-worker=32768"
    "memorysetup-temp-allocator-size-job-worker=262144"
    "memorysetup-temp-allocator-size-preload-manager=33554432"
    "memorysetup-temp-allocator-size-nav-mesh-worker=65536"
    "memorysetup-temp-allocator-size-audio-worker=65536"
    "memorysetup-temp-allocator-size-cloud-worker=32768"
    "memorysetup-temp-allocator-size-gi-baking-worker=262144"
    "memorysetup-temp-allocator-size-gfx=262144"
Refreshing native plugins compatible for Editor in 46.36 ms, found 3 plugins.
Preloading 0 native plugins for Editor in 0.00 ms.
Initialize engine version: 2021.3.13f1 (9e7d58001ecf)
[Subsystems] Discovering subsystems at path E:/Program Files/Unity/2021.3.13f1/Editor/Data/Resources/UnitySubsystems
[Subsystems] Discovering subsystems at path E:/Unity Projects/IntroToRLProject/Assets
GfxDevice: creating device client; threaded=0; jobified=0
Direct3D:
    Version:  Direct3D 11.0 [level 11.1]
    Renderer: NVIDIA GeForce GTX 1050 (ID=0x1c8d)
    Vendor:   NVIDIA
    VRAM:     4019 MB
    Driver:   30.0.15.1215
Initialize mono
Mono path[0] = 'E:/Program Files/Unity/2021.3.13f1/Editor/Data/Managed'
Mono path[1] = 'E:/Program Files/Unity/2021.3.13f1/Editor/Data/MonoBleedingEdge/lib/mono/unityjit-win32'
Mono config path = 'E:/Program Files/Unity/2021.3.13f1/Editor/Data/MonoBleedingEdge/etc'
Using monoOptions --debugger-agent=transport=dt_socket,embedding=1,server=y,suspend=n,address=127.0.0.1:56332
Begin MonoManager ReloadAssembly
Registering precompiled unity dll's ...
Register platform support module: E:/Program Files/Unity/2021.3.13f1/Editor/Data/PlaybackEngines/WindowsStandaloneSupport/UnityEditor.WindowsStandalone.Extensions.dll
Registered in 0.003838 seconds.
Native extension for WindowsStandalone target not found
Refreshing native plugins compatible for Editor in 45.87 ms, found 3 plugins.
Preloading 0 native plugins for Editor in 0.00 ms.
Mono: successfully reloaded assembly
- Completed reload, in  0.802 seconds
Domain Reload Profiling:
	ReloadAssembly (802ms)
		BeginReloadAssembly (83ms)
			ExecutionOrderSort (0ms)
			DisableScriptedObjects (0ms)
			BackupInstance (0ms)
			ReleaseScriptingObjects (0ms)
			CreateAndSetChildDomain (1ms)
		EndReloadAssembly (593ms)
			LoadAssemblies (83ms)
			RebuildTransferFunctionScriptingTraits (0ms)
			SetupTypeCache (165ms)
			ReleaseScriptCaches (0ms)
			RebuildScriptCaches (38ms)
			SetupLoadedEditorAssemblies (327ms)
				LogAssemblyErrors (0ms)
				InitializePlatformSupportModulesInManaged (12ms)
				SetLoadedEditorAssemblies (0ms)
				RefreshPlugins (46ms)
				BeforeProcessingInitializeOnLoad (2ms)
				ProcessInitializeOnLoadAttributes (213ms)
				ProcessInitializeOnLoadMethodAttributes (54ms)
				AfterProcessingInitializeOnLoad (0ms)
				EditorAssembliesLoaded (0ms)
			ExecutionOrderSort2 (0ms)
			AwakeInstancesAfterBackupRestoration (0ms)
Platform modules already initialized, skipping
Registering precompiled user dll's ...
Registered in 0.006596 seconds.
Begin MonoManager ReloadAssembly
Native extension for WindowsStandalone target not found
Refreshing native plugins compatible for Editor in 41.60 ms, found 3 plugins.
Preloading 0 native plugins for Editor in 0.00 ms.
Mono: successfully reloaded assembly
- Completed reload, in  1.138 seconds
Domain Reload Profiling:
	ReloadAssembly (1139ms)
		BeginReloadAssembly (137ms)
			ExecutionOrderSort (0ms)
			DisableScriptedObjects (8ms)
			BackupInstance (0ms)
			ReleaseScriptingObjects (0ms)
			CreateAndSetChildDomain (25ms)
		EndReloadAssembly (870ms)
			LoadAssemblies (90ms)
			RebuildTransferFunctionScriptingTraits (0ms)
			SetupTypeCache (260ms)
			ReleaseScriptCaches (0ms)
			RebuildScriptCaches (52ms)
			SetupLoadedEditorAssemblies (420ms)
				LogAssemblyErrors (0ms)
				InitializePlatformSupportModulesInManaged (5ms)
				SetLoadedEditorAssemblies (0ms)
				RefreshPlugins (42ms)
				BeforeProcessingInitializeOnLoad (78ms)
				ProcessInitializeOnLoadAttributes (253ms)
				ProcessInitializeOnLoadMethodAttributes (38ms)
				AfterProcessingInitializeOnLoad (4ms)
				EditorAssembliesLoaded (0ms)
			ExecutionOrderSort2 (0ms)
			AwakeInstancesAfterBackupRestoration (8ms)
Platform modules already initialized, skipping
========================================================================
Worker process is ready to serve import requests
Launched and connected shader compiler UnityShaderCompiler.exe after 0.05 seconds
Refreshing native plugins compatible for Editor in 0.55 ms, found 3 plugins.
Preloading 0 native plugins for Editor in 0.00 ms.
Unloading 2286 Unused Serialized files (Serialized files now loaded: 0)
Unloading 59 unused Assets / (21.0 MB). Loaded Objects now: 2713.
Memory consumption went from 140.3 MB to 119.3 MB.
Total: 9.110000 ms (FindLiveObjects: 0.406300 ms CreateObjectMapping: 0.217300 ms MarkObjects: 3.976000 ms  DeleteObjects: 4.508500 ms)

AssetImportParameters requested are different than current active one (requested -> active):
  custom:video-decoder-ogg-theora: a1e56fd34408186e4bbccfd4996cb3dc -> 
  custom:container-muxer-webm: aa71ff27fc2769a1b78a27578f13a17b -> 
  custom:container-demuxer-webm: 4f35f7cbe854078d1ac9338744f61a02 -> 
  custom:video-encoder-webm-vp8: eb34c28f22e8b96e1ab97ce403110664 -> 
  custom:audio-encoder-webm-vorbis: bf7c407c2cedff20999df2af8eb42d56 -> 
  custom:framework-win-MediaFoundation: 216162199b28c13a410421893ffa2e32 -> 
  custom:container-demuxer-ogg: 62fdf1f143b41e24485cea50d1cbac27 -> 
  custom:video-decoder-webm-vp8: 9c59270c3fd7afecdb556c50c9e8de78 -> 
  custom:audio-decoder-ogg-vorbis: bf7c407c2cedff20999df2af8eb42d56 -> 
========================================================================
Received Import Request.
  Time since last request: 326714.268737 seconds.
  path: Assets/Prefabs/Arena.prefab
  artifactKey: Guid(6675943ffe63cec4a9b5baf464a867f7) Importer(815301076,1909f56bfc062723c751e8b465ee728b)
Start importing Assets/Prefabs/Arena.prefab using Guid(6675943ffe63cec4a9b5baf464a867f7) Importer(815301076,1909f56bfc062723c751e8b465ee728b)  -> (artifact id: 'd3301a3cc88a796e17caeadd630de850') in 0.220133 seconds 
========================================================================
Received Import Request.
  Time since last request: 158.323121 seconds.
  path: Assets/Prefabs/Arena Variant 1.prefab
  artifactKey: Guid(95db086445d084044b802ab468afafcc) Importer(815301076,1909f56bfc062723c751e8b465ee728b)
Start importing Assets/Prefabs/Arena Variant 1.prefab using Guid(95db086445d084044b802ab468afafcc) Importer(815301076,1909f56bfc062723c751e8b465ee728b)  -> (artifact id: '8df6855719a11f956272e1356c30b5e5') in 0.022702 seconds 
========================================================================
Received Import Request.
  Time since last request: 18.446748 seconds.
  path: Assets/Prefabs/Final Arena.prefab
  artifactKey: Guid(95db086445d084044b802ab468afafcc) Importer(815301076,1909f56bfc062723c751e8b465ee728b)
Start importing Assets/Prefabs/Final Arena.prefab using Guid(95db086445d084044b802ab468afafcc) Importer(815301076,1909f56bfc062723c751e8b465ee728b)  -> (artifact id: '5a4236542acccbb267768c819e4cf614') in 0.022964 seconds 
========================================================================
Received Import Request.
  Time since last request: 18.033115 seconds.
  path: Assets/Prefabs/Final Arena.prefab
  artifactKey: Guid(95db086445d084044b802ab468afafcc) Importer(815301076,1909f56bfc062723c751e8b465ee728b)
Start importing Assets/Prefabs/Final Arena.prefab using Guid(95db086445d084044b802ab468afafcc) Importer(815301076,1909f56bfc062723c751e8b465ee728b)  -> (artifact id: '781371330950923baa1c2f7e84750751') in 0.020804 seconds 
========================================================================
Received Import Request.
  Time since last request: 6.593614 seconds.
  path: Assets/Prefabs/Final Arena.prefab
  artifactKey: Guid(95db086445d084044b802ab468afafcc) Importer(815301076,1909f56bfc062723c751e8b465ee728b)
Start importing Assets/Prefabs/Final Arena.prefab using Guid(95db086445d084044b802ab468afafcc) Importer(815301076,1909f56bfc062723c751e8b465ee728b)  -> (artifact id: '607d5a187537898ddffa0645615accb8') in 0.004502 seconds 
========================================================================
Received Import Request.
  Time since last request: 74.174734 seconds.
  path: Assets/Prefabs/Arena Variant.prefab
  artifactKey: Guid(ef3d6136118b6394ba799f7e02d1117a) Importer(815301076,1909f56bfc062723c751e8b465ee728b)
Start importing Assets/Prefabs/Arena Variant.prefab using Guid(ef3d6136118b6394ba799f7e02d1117a) Importer(815301076,1909f56bfc062723c751e8b465ee728b)  -> (artifact id: '07e12d434c8a081c46292d70e3627d37') in 0.031934 seconds 
========================================================================
Received Import Request.
  Time since last request: 0.000025 seconds.
  path: Assets/Prefabs/test1.prefab
  artifactKey: Guid(455c61ec9d7a01d40b95cbe758e3e887) Importer(815301076,1909f56bfc062723c751e8b465ee728b)
Start importing Assets/Prefabs/test1.prefab using Guid(455c61ec9d7a01d40b95cbe758e3e887) Importer(815301076,1909f56bfc062723c751e8b465ee728b)  -> (artifact id: 'd89d6258602603a08439bc82d8440e9d') in 0.027876 seconds 
========================================================================
Received Import Request.
  Time since last request: 8.779350 seconds.
  path: Assets/Prefabs/Arena Variant.prefab
  artifactKey: Guid(ef3d6136118b6394ba799f7e02d1117a) Importer(815301076,1909f56bfc062723c751e8b465ee728b)
Start importing Assets/Prefabs/Arena Variant.prefab using Guid(ef3d6136118b6394ba799f7e02d1117a) Importer(815301076,1909f56bfc062723c751e8b465ee728b)  -> (artifact id: '07db438ab409bbbcac18d8452bddce94') in 0.025947 seconds 
========================================================================
Received Import Request.
  Time since last request: 0.000018 seconds.
  path: Assets/Prefabs/test1.prefab
  artifactKey: Guid(455c61ec9d7a01d40b95cbe758e3e887) Importer(815301076,1909f56bfc062723c751e8b465ee728b)
Start importing Assets/Prefabs/test1.prefab using Guid(455c61ec9d7a01d40b95cbe758e3e887) Importer(815301076,1909f56bfc062723c751e8b465ee728b)  -> (artifact id: 'a0f91b4902e72464021912ec58f15b10') in 0.019790 seconds 
========================================================================
Received Import Request.
  Time since last request: 5.964441 seconds.
  path: Assets/Prefabs/Arena Variant.prefab
  artifactKey: Guid(ef3d6136118b6394ba799f7e02d1117a) Importer(815301076,1909f56bfc062723c751e8b465ee728b)
Start importing Assets/Prefabs/Arena Variant.prefab using Guid(ef3d6136118b6394ba799f7e02d1117a) Importer(815301076,1909f56bfc062723c751e8b465ee728b)  -> (artifact id: '6e00c5b10d6b251a6f4adbcaaa5aeb3c') in 0.029439 seconds 
========================================================================
Received Import Request.
  Time since last request: 43.397340 seconds.
  path: Assets/Prefabs/Arena.prefab
  artifactKey: Guid(455c61ec9d7a01d40b95cbe758e3e887) Importer(815301076,1909f56bfc062723c751e8b465ee728b)
Start importing Assets/Prefabs/Arena.prefab using Guid(455c61ec9d7a01d40b95cbe758e3e887) Importer(815301076,1909f56bfc062723c751e8b465ee728b)  -> (artifact id: '127236635d50851e7ffb7b1c637305d3') in 0.015921 seconds 
========================================================================
Received Prepare
Registering precompiled user dll's ...
Registered in 0.008060 seconds.
Begin MonoManager ReloadAssembly
Native extension for WindowsStandalone target not found
Refreshing native plugins compatible for Editor in 0.49 ms, found 3 plugins.
Preloading 0 native plugins for Editor in 0.00 ms.
Mono: successfully reloaded assembly
- Completed reload, in  0.994 seconds
Domain Reload Profiling:
	ReloadAssembly (994ms)
		BeginReloadAssembly (132ms)
			ExecutionOrderSort (0ms)
			DisableScriptedObjects (6ms)
			BackupInstance (0ms)
			ReleaseScriptingObjects (0ms)
			CreateAndSetChildDomain (40ms)
		EndReloadAssembly (754ms)
			LoadAssemblies (80ms)
			RebuildTransferFunctionScriptingTraits (0ms)
			SetupTypeCache (231ms)
			ReleaseScriptCaches (1ms)
			RebuildScriptCaches (43ms)
			SetupLoadedEditorAssemblies (352ms)
				LogAssemblyErrors (0ms)
				InitializePlatformSupportModulesInManaged (13ms)
				SetLoadedEditorAssemblies (1ms)
				RefreshPlugins (1ms)
				BeforeProcessingInitializeOnLoad (51ms)
				ProcessInitializeOnLoadAttributes (251ms)
				ProcessInitializeOnLoadMethodAttributes (33ms)
				AfterProcessingInitializeOnLoad (3ms)
				EditorAssembliesLoaded (0ms)
			ExecutionOrderSort2 (0ms)
			AwakeInstancesAfterBackupRestoration (7ms)
Platform modules already initialized, skipping
Refreshing native plugins compatible for Editor in 2.36 ms, found 3 plugins.
Preloading 0 native plugins for Editor in 0.00 ms.
Unloading 2280 Unused Serialized files (Serialized files now loaded: 0)
Unloading 51 unused Assets / (21.0 MB). Loaded Objects now: 2731.
Memory consumption went from 144.7 MB to 123.7 MB.
Total: 6.466200 ms (FindLiveObjects: 0.244200 ms CreateObjectMapping: 0.106800 ms MarkObjects: 2.601900 ms  DeleteObjects: 3.512300 ms)

AssetImportParameters requested are different than current active one (requested -> active):
  custom:video-decoder-ogg-theora: a1e56fd34408186e4bbccfd4996cb3dc -> 
  custom:container-muxer-webm: aa71ff27fc2769a1b78a27578f13a17b -> 
  custom:container-demuxer-webm: 4f35f7cbe854078d1ac9338744f61a02 -> 
  custom:video-encoder-webm-vp8: eb34c28f22e8b96e1ab97ce403110664 -> 
  custom:audio-encoder-webm-vorbis: bf7c407c2cedff20999df2af8eb42d56 -> 
  custom:framework-win-MediaFoundation: 216162199b28c13a410421893ffa2e32 -> 
  custom:container-demuxer-ogg: 62fdf1f143b41e24485cea50d1cbac27 -> 
  custom:video-decoder-webm-vp8: 9c59270c3fd7afecdb556c50c9e8de78 -> 
  custom:audio-decoder-ogg-vorbis: bf7c407c2cedff20999df2af8eb42d56 -> 
========================================================================
Received Import Request.
  Time since last request: 54.791123 seconds.
  path: Assets/Prefabs/Arena.prefab
  artifactKey: Guid(455c61ec9d7a01d40b95cbe758e3e887) Importer(815301076,1909f56bfc062723c751e8b465ee728b)
Start importing Assets/Prefabs/Arena.prefab using Guid(455c61ec9d7a01d40b95cbe758e3e887) Importer(815301076,1909f56bfc062723c751e8b465ee728b)  -> (artifact id: 'c57d964a9cdde066cecc4c4c307428dd') in 0.101539 seconds 
========================================================================
Received Import Request.
  Time since last request: 7.561137 seconds.
  path: Assets/Prefabs/Arena.prefab
  artifactKey: Guid(455c61ec9d7a01d40b95cbe758e3e887) Importer(815301076,1909f56bfc062723c751e8b465ee728b)
Start importing Assets/Prefabs/Arena.prefab using Guid(455c61ec9d7a01d40b95cbe758e3e887) Importer(815301076,1909f56bfc062723c751e8b465ee728b)  -> (artifact id: 'ff153c73f6fcb3f80c072deb8abe6687') in 0.018768 seconds 
========================================================================
Received Import Request.
  Time since last request: 10.521443 seconds.
  path: Assets/Prefabs/Arena.prefab
  artifactKey: Guid(455c61ec9d7a01d40b95cbe758e3e887) Importer(815301076,1909f56bfc062723c751e8b465ee728b)
Start importing Assets/Prefabs/Arena.prefab using Guid(455c61ec9d7a01d40b95cbe758e3e887) Importer(815301076,1909f56bfc062723c751e8b465ee728b)  -> (artifact id: '711da0c9c776cba4112f7689a73bc300') in 0.015996 seconds 
========================================================================
Received Import Request.
  Time since last request: 7.265660 seconds.
  path: Assets/Prefabs/Arena.prefab
  artifactKey: Guid(455c61ec9d7a01d40b95cbe758e3e887) Importer(815301076,1909f56bfc062723c751e8b465ee728b)
Start importing Assets/Prefabs/Arena.prefab using Guid(455c61ec9d7a01d40b95cbe758e3e887) Importer(815301076,1909f56bfc062723c751e8b465ee728b)  -> (artifact id: '26b924cd02e98a5a0d7f3d903f1e3ab1') in 0.026909 seconds 
========================================================================
Received Import Request.
  Time since last request: 4.387328 seconds.
  path: Assets/Prefabs/Arena.prefab
  artifactKey: Guid(455c61ec9d7a01d40b95cbe758e3e887) Importer(815301076,1909f56bfc062723c751e8b465ee728b)
Start importing Assets/Prefabs/Arena.prefab using Guid(455c61ec9d7a01d40b95cbe758e3e887) Importer(815301076,1909f56bfc062723c751e8b465ee728b)  -> (artifact id: 'd7d368e5f949fb277b2f3775320746e2') in 0.015881 seconds 
========================================================================
Received Import Request.
  Time since last request: 24.669341 seconds.
  path: Assets/Prefabs/Arena.prefab
  artifactKey: Guid(455c61ec9d7a01d40b95cbe758e3e887) Importer(815301076,1909f56bfc062723c751e8b465ee728b)
Start importing Assets/Prefabs/Arena.prefab using Guid(455c61ec9d7a01d40b95cbe758e3e887) Importer(815301076,1909f56bfc062723c751e8b465ee728b)  -> (artifact id: '198db8b66799a16d2d38919141ef5183') in 0.022952 seconds 
========================================================================
Received Import Request.
  Time since last request: 3.038795 seconds.
  path: Assets/Prefabs/Arena.prefab
  artifactKey: Guid(455c61ec9d7a01d40b95cbe758e3e887) Importer(815301076,1909f56bfc062723c751e8b465ee728b)
Start importing Assets/Prefabs/Arena.prefab using Guid(455c61ec9d7a01d40b95cbe758e3e887) Importer(815301076,1909f56bfc062723c751e8b465ee728b)  -> (artifact id: '724f4ed66c4e83fde3d5f96fa8a09bfb') in 0.022981 seconds 
========================================================================
Received Import Request.
  Time since last request: 3.628951 seconds.
  path: Assets/Prefabs/Arena.prefab
  artifactKey: Guid(455c61ec9d7a01d40b95cbe758e3e887) Importer(815301076,1909f56bfc062723c751e8b465ee728b)
Start importing Assets/Prefabs/Arena.prefab using Guid(455c61ec9d7a01d40b95cbe758e3e887) Importer(815301076,1909f56bfc062723c751e8b465ee728b)  -> (artifact id: '0a1d75bb506afc7e6930742326243666') in 0.027187 seconds 
========================================================================
Received Import Request.
  Time since last request: 2.763539 seconds.
  path: Assets/Prefabs/Arena.prefab
  artifactKey: Guid(455c61ec9d7a01d40b95cbe758e3e887) Importer(815301076,1909f56bfc062723c751e8b465ee728b)
Start importing Assets/Prefabs/Arena.prefab using Guid(455c61ec9d7a01d40b95cbe758e3e887) Importer(815301076,1909f56bfc062723c751e8b465ee728b)  -> (artifact id: 'eef5560cedfe5da6114af054c80c6139') in 0.015871 seconds 
========================================================================
Received Import Request.
  Time since last request: 5.514448 seconds.
  path: Assets/Prefabs/Arena.prefab
  artifactKey: Guid(455c61ec9d7a01d40b95cbe758e3e887) Importer(815301076,1909f56bfc062723c751e8b465ee728b)
Start importing Assets/Prefabs/Arena.prefab using Guid(455c61ec9d7a01d40b95cbe758e3e887) Importer(815301076,1909f56bfc062723c751e8b465ee728b)  -> (artifact id: '6bb175fef4f64b0e72309fdbede4679e') in 0.019175 seconds 
========================================================================
Received Import Request.
  Time since last request: 1.941697 seconds.
  path: Assets/Prefabs/Arena.prefab
  artifactKey: Guid(455c61ec9d7a01d40b95cbe758e3e887) Importer(815301076,1909f56bfc062723c751e8b465ee728b)
Start importing Assets/Prefabs/Arena.prefab using Guid(455c61ec9d7a01d40b95cbe758e3e887) Importer(815301076,1909f56bfc062723c751e8b465ee728b)  -> (artifact id: '1b1408d919a7020afcc639e3da4478e7') in 0.018120 seconds 
========================================================================
Received Import Request.
  Time since last request: 3.838186 seconds.
  path: Assets/Prefabs/Arena.prefab
  artifactKey: Guid(455c61ec9d7a01d40b95cbe758e3e887) Importer(815301076,1909f56bfc062723c751e8b465ee728b)
Start importing Assets/Prefabs/Arena.prefab using Guid(455c61ec9d7a01d40b95cbe758e3e887) Importer(815301076,1909f56bfc062723c751e8b465ee728b)  -> (artifact id: 'f8ba6baafcc03de43286da3cec3ba8f7') in 0.020853 seconds 
========================================================================
Received Import Request.
  Time since last request: 1.358395 seconds.
  path: Assets/Prefabs/Arena.prefab
  artifactKey: Guid(455c61ec9d7a01d40b95cbe758e3e887) Importer(815301076,1909f56bfc062723c751e8b465ee728b)
Start importing Assets/Prefabs/Arena.prefab using Guid(455c61ec9d7a01d40b95cbe758e3e887) Importer(815301076,1909f56bfc062723c751e8b465ee728b)  -> (artifact id: '9d0198f897be099dc2922f69e8c60fd3') in 0.014723 seconds 
========================================================================
Received Import Request.
  Time since last request: 1.400462 seconds.
  path: Assets/Prefabs/Arena.prefab
  artifactKey: Guid(455c61ec9d7a01d40b95cbe758e3e887) Importer(815301076,1909f56bfc062723c751e8b465ee728b)
Start importing Assets/Prefabs/Arena.prefab using Guid(455c61ec9d7a01d40b95cbe758e3e887) Importer(815301076,1909f56bfc062723c751e8b465ee728b)  -> (artifact id: '3081afb7771cc89f846f4b626ea085bc') in 0.014780 seconds 
========================================================================
Received Import Request.
  Time since last request: 7.307726 seconds.
  path: Assets/Prefabs/Arena.prefab
  artifactKey: Guid(455c61ec9d7a01d40b95cbe758e3e887) Importer(815301076,1909f56bfc062723c751e8b465ee728b)
Start importing Assets/Prefabs/Arena.prefab using Guid(455c61ec9d7a01d40b95cbe758e3e887) Importer(815301076,1909f56bfc062723c751e8b465ee728b)  -> (artifact id: '6923037238215a575468d5a154321b96') in 0.019374 seconds 
========================================================================
Received Import Request.
  Time since last request: 12.756626 seconds.
  path: Assets/Prefabs/Arena.prefab
  artifactKey: Guid(455c61ec9d7a01d40b95cbe758e3e887) Importer(815301076,1909f56bfc062723c751e8b465ee728b)
Start importing Assets/Prefabs/Arena.prefab using Guid(455c61ec9d7a01d40b95cbe758e3e887) Importer(815301076,1909f56bfc062723c751e8b465ee728b)  -> (artifact id: '47f6d26fc69c7655fdc6c2689d1d2e96') in 0.015904 seconds 
========================================================================
Received Import Request.
  Time since last request: 3.040345 seconds.
  path: Assets/Prefabs/Arena.prefab
  artifactKey: Guid(455c61ec9d7a01d40b95cbe758e3e887) Importer(815301076,1909f56bfc062723c751e8b465ee728b)
Start importing Assets/Prefabs/Arena.prefab using Guid(455c61ec9d7a01d40b95cbe758e3e887) Importer(815301076,1909f56bfc062723c751e8b465ee728b)  -> (artifact id: '68dcad8c1dd88d97f2e97f136df0c32a') in 0.020387 seconds 
========================================================================
Received Import Request.
  Time since last request: 6.246978 seconds.
  path: Assets/Prefabs/Arena.prefab
  artifactKey: Guid(455c61ec9d7a01d40b95cbe758e3e887) Importer(815301076,1909f56bfc062723c751e8b465ee728b)
Start importing Assets/Prefabs/Arena.prefab using Guid(455c61ec9d7a01d40b95cbe758e3e887) Importer(815301076,1909f56bfc062723c751e8b465ee728b)  -> (artifact id: 'fd6743485df99437704a9d5c6a417bca') in 0.031102 seconds 
========================================================================
Received Import Request.
  Time since last request: 4.204415 seconds.
  path: Assets/Prefabs/Arena.prefab
  artifactKey: Guid(455c61ec9d7a01d40b95cbe758e3e887) Importer(815301076,1909f56bfc062723c751e8b465ee728b)
Start importing Assets/Prefabs/Arena.prefab using Guid(455c61ec9d7a01d40b95cbe758e3e887) Importer(815301076,1909f56bfc062723c751e8b465ee728b)  -> (artifact id: '23b9477549f0e79fb17b70d70930e12a') in 0.014458 seconds 
========================================================================
Received Import Request.
  Time since last request: 1.999194 seconds.
  path: Assets/Prefabs/Arena.prefab
  artifactKey: Guid(455c61ec9d7a01d40b95cbe758e3e887) Importer(815301076,1909f56bfc062723c751e8b465ee728b)
Start importing Assets/Prefabs/Arena.prefab using Guid(455c61ec9d7a01d40b95cbe758e3e887) Importer(815301076,1909f56bfc062723c751e8b465ee728b)  -> (artifact id: 'b310402e528dfdd0c134f18b78a455f9') in 0.031721 seconds 
========================================================================
Received Import Request.
  Time since last request: 6.053467 seconds.
  path: Assets/Prefabs/Arena.prefab
  artifactKey: Guid(455c61ec9d7a01d40b95cbe758e3e887) Importer(815301076,1909f56bfc062723c751e8b465ee728b)
Start importing Assets/Prefabs/Arena.prefab using Guid(455c61ec9d7a01d40b95cbe758e3e887) Importer(815301076,1909f56bfc062723c751e8b465ee728b)  -> (artifact id: '7489170d5e6be5b6246c1bcc7af0b008') in 0.015933 seconds 
========================================================================
Received Import Request.
  Time since last request: 8.467140 seconds.
  path: Assets/Prefabs/Arena.prefab
  artifactKey: Guid(455c61ec9d7a01d40b95cbe758e3e887) Importer(815301076,1909f56bfc062723c751e8b465ee728b)
Start importing Assets/Prefabs/Arena.prefab using Guid(455c61ec9d7a01d40b95cbe758e3e887) Importer(815301076,1909f56bfc062723c751e8b465ee728b)  -> (artifact id: '77cf55036be74a1e62b6516c65e82043') in 0.034797 seconds 
========================================================================
Received Prepare
Registering precompiled user dll's ...
Registered in 0.005799 seconds.
Begin MonoManager ReloadAssembly
Native extension for WindowsStandalone target not found
Refreshing native plugins compatible for Editor in 0.54 ms, found 3 plugins.
Preloading 0 native plugins for Editor in 0.00 ms.
Mono: successfully reloaded assembly
- Completed reload, in  0.981 seconds
Domain Reload Profiling:
	ReloadAssembly (982ms)
		BeginReloadAssembly (144ms)
			ExecutionOrderSort (0ms)
			DisableScriptedObjects (6ms)
			BackupInstance (0ms)
			ReleaseScriptingObjects (0ms)
			CreateAndSetChildDomain (41ms)
		EndReloadAssembly (731ms)
			LoadAssemblies (82ms)
			RebuildTransferFunctionScriptingTraits (0ms)
			SetupTypeCache (232ms)
			ReleaseScriptCaches (1ms)
			RebuildScriptCaches (43ms)
			SetupLoadedEditorAssemblies (320ms)
				LogAssemblyErrors (0ms)
				InitializePlatformSupportModulesInManaged (13ms)
				SetLoadedEditorAssemblies (1ms)
				RefreshPlugins (1ms)
				BeforeProcessingInitializeOnLoad (53ms)
				ProcessInitializeOnLoadAttributes (215ms)
				ProcessInitializeOnLoadMethodAttributes (33ms)
				AfterProcessingInitializeOnLoad (4ms)
				EditorAssembliesLoaded (0ms)
			ExecutionOrderSort2 (0ms)
			AwakeInstancesAfterBackupRestoration (7ms)
Platform modules already initialized, skipping
Refreshing native plugins compatible for Editor in 2.27 ms, found 3 plugins.
Preloading 0 native plugins for Editor in 0.00 ms.
Unloading 2280 Unused Serialized files (Serialized files now loaded: 0)
Unloading 51 unused Assets / (21.0 MB). Loaded Objects now: 2735.
Memory consumption went from 144.8 MB to 123.9 MB.
Total: 7.291800 ms (FindLiveObjects: 0.211700 ms CreateObjectMapping: 0.170000 ms MarkObjects: 3.064700 ms  DeleteObjects: 3.844200 ms)

AssetImportParameters requested are different than current active one (requested -> active):
  custom:video-decoder-ogg-theora: a1e56fd34408186e4bbccfd4996cb3dc -> 
  custom:container-muxer-webm: aa71ff27fc2769a1b78a27578f13a17b -> 
  custom:container-demuxer-webm: 4f35f7cbe854078d1ac9338744f61a02 -> 
  custom:video-encoder-webm-vp8: eb34c28f22e8b96e1ab97ce403110664 -> 
  custom:audio-encoder-webm-vorbis: bf7c407c2cedff20999df2af8eb42d56 -> 
  custom:framework-win-MediaFoundation: 216162199b28c13a410421893ffa2e32 -> 
  custom:container-demuxer-ogg: 62fdf1f143b41e24485cea50d1cbac27 -> 
  custom:video-decoder-webm-vp8: 9c59270c3fd7afecdb556c50c9e8de78 -> 
  custom:audio-decoder-ogg-vorbis: bf7c407c2cedff20999df2af8eb42d56 -> 
========================================================================
Received Import Request.
  Time since last request: 193.427396 seconds.
  path: Assets/Prefabs/Arena.prefab
  artifactKey: Guid(455c61ec9d7a01d40b95cbe758e3e887) Importer(815301076,1909f56bfc062723c751e8b465ee728b)
Start importing Assets/Prefabs/Arena.prefab using Guid(455c61ec9d7a01d40b95cbe758e3e887) Importer(815301076,1909f56bfc062723c751e8b465ee728b)  -> (artifact id: '3cf9aa52edc5f51ec7961d86e67181b0') in 0.092023 seconds 
========================================================================
Received Import Request.
  Time since last request: 5.580711 seconds.
  path: Assets/Prefabs/Arena.prefab
  artifactKey: Guid(455c61ec9d7a01d40b95cbe758e3e887) Importer(815301076,1909f56bfc062723c751e8b465ee728b)
Start importing Assets/Prefabs/Arena.prefab using Guid(455c61ec9d7a01d40b95cbe758e3e887) Importer(815301076,1909f56bfc062723c751e8b465ee728b)  -> (artifact id: 'dda813e2f97ec39ffa750747c9d3544d') in 0.026018 seconds 
========================================================================
Received Import Request.
  Time since last request: 11.646769 seconds.
  path: Assets/Prefabs/Arena.prefab
  artifactKey: Guid(455c61ec9d7a01d40b95cbe758e3e887) Importer(815301076,1909f56bfc062723c751e8b465ee728b)
Start importing Assets/Prefabs/Arena.prefab using Guid(455c61ec9d7a01d40b95cbe758e3e887) Importer(815301076,1909f56bfc062723c751e8b465ee728b)  -> (artifact id: 'fdb1021fe176164f2b1f22c2c81745e6') in 0.023360 seconds 
========================================================================
Received Prepare
Registering precompiled user dll's ...
Registered in 0.007461 seconds.
Begin MonoManager ReloadAssembly
Native extension for WindowsStandalone target not found
Refreshing native plugins compatible for Editor in 0.50 ms, found 3 plugins.
Preloading 0 native plugins for Editor in 0.00 ms.
Mono: successfully reloaded assembly
- Completed reload, in  0.980 seconds
Domain Reload Profiling:
	ReloadAssembly (981ms)
		BeginReloadAssembly (137ms)
			ExecutionOrderSort (0ms)
			DisableScriptedObjects (5ms)
			BackupInstance (0ms)
			ReleaseScriptingObjects (0ms)
			CreateAndSetChildDomain (39ms)
		EndReloadAssembly (735ms)
			LoadAssemblies (84ms)
			RebuildTransferFunctionScriptingTraits (0ms)
			SetupTypeCache (247ms)
			ReleaseScriptCaches (1ms)
			RebuildScriptCaches (41ms)
			SetupLoadedEditorAssemblies (321ms)
				LogAssemblyErrors (0ms)
				InitializePlatformSupportModulesInManaged (13ms)
				SetLoadedEditorAssemblies (1ms)
				RefreshPlugins (1ms)
				BeforeProcessingInitializeOnLoad (53ms)
				ProcessInitializeOnLoadAttributes (215ms)
				ProcessInitializeOnLoadMethodAttributes (36ms)
				AfterProcessingInitializeOnLoad (3ms)
				EditorAssembliesLoaded (0ms)
			ExecutionOrderSort2 (0ms)
			AwakeInstancesAfterBackupRestoration (7ms)
Platform modules already initialized, skipping
Refreshing native plugins compatible for Editor in 2.11 ms, found 3 plugins.
Preloading 0 native plugins for Editor in 0.00 ms.
Unloading 2280 Unused Serialized files (Serialized files now loaded: 0)
Unloading 51 unused Assets / (21.0 MB). Loaded Objects now: 2739.
Memory consumption went from 144.9 MB to 123.9 MB.
Total: 6.580000 ms (FindLiveObjects: 0.249400 ms CreateObjectMapping: 0.143700 ms MarkObjects: 2.513900 ms  DeleteObjects: 3.672100 ms)

AssetImportParameters requested are different than current active one (requested -> active):
  custom:video-decoder-ogg-theora: a1e56fd34408186e4bbccfd4996cb3dc -> 
  custom:container-muxer-webm: aa71ff27fc2769a1b78a27578f13a17b -> 
  custom:container-demuxer-webm: 4f35f7cbe854078d1ac9338744f61a02 -> 
  custom:video-encoder-webm-vp8: eb34c28f22e8b96e1ab97ce403110664 -> 
  custom:audio-encoder-webm-vorbis: bf7c407c2cedff20999df2af8eb42d56 -> 
  custom:framework-win-MediaFoundation: 216162199b28c13a410421893ffa2e32 -> 
  custom:container-demuxer-ogg: 62fdf1f143b41e24485cea50d1cbac27 -> 
  custom:video-decoder-webm-vp8: 9c59270c3fd7afecdb556c50c9e8de78 -> 
  custom:audio-decoder-ogg-vorbis: bf7c407c2cedff20999df2af8eb42d56 -> 
========================================================================
Received Prepare
Registering precompiled user dll's ...
Registered in 0.005837 seconds.
Begin MonoManager ReloadAssembly
Native extension for WindowsStandalone target not found
Refreshing native plugins compatible for Editor in 0.50 ms, found 3 plugins.
Preloading 0 native plugins for Editor in 0.00 ms.
Mono: successfully reloaded assembly
- Completed reload, in  0.973 seconds
Domain Reload Profiling:
	ReloadAssembly (973ms)
		BeginReloadAssembly (138ms)
			ExecutionOrderSort (0ms)
			DisableScriptedObjects (7ms)
			BackupInstance (0ms)
			ReleaseScriptingObjects (0ms)
			CreateAndSetChildDomain (35ms)
		EndReloadAssembly (725ms)
			LoadAssemblies (84ms)
			RebuildTransferFunctionScriptingTraits (0ms)
			SetupTypeCache (230ms)
			ReleaseScriptCaches (1ms)
			RebuildScriptCaches (41ms)
			SetupLoadedEditorAssemblies (329ms)
				LogAssemblyErrors (0ms)
				InitializePlatformSupportModulesInManaged (13ms)
				SetLoadedEditorAssemblies (0ms)
				RefreshPlugins (1ms)
				BeforeProcessingInitializeOnLoad (52ms)
				ProcessInitializeOnLoadAttributes (217ms)
				ProcessInitializeOnLoadMethodAttributes (42ms)
				AfterProcessingInitializeOnLoad (4ms)
				EditorAssembliesLoaded (0ms)
			ExecutionOrderSort2 (0ms)
			AwakeInstancesAfterBackupRestoration (7ms)
Platform modules already initialized, skipping
Refreshing native plugins compatible for Editor in 2.73 ms, found 3 plugins.
Preloading 0 native plugins for Editor in 0.00 ms.
Unloading 2280 Unused Serialized files (Serialized files now loaded: 0)
Unloading 51 unused Assets / (21.0 MB). Loaded Objects now: 2743.
Memory consumption went from 144.9 MB to 123.9 MB.
Total: 6.074200 ms (FindLiveObjects: 0.226800 ms CreateObjectMapping: 0.110800 ms MarkObjects: 2.796700 ms  DeleteObjects: 2.939100 ms)

AssetImportParameters requested are different than current active one (requested -> active):
  custom:video-decoder-ogg-theora: a1e56fd34408186e4bbccfd4996cb3dc -> 
  custom:container-muxer-webm: aa71ff27fc2769a1b78a27578f13a17b -> 
  custom:container-demuxer-webm: 4f35f7cbe854078d1ac9338744f61a02 -> 
  custom:video-encoder-webm-vp8: eb34c28f22e8b96e1ab97ce403110664 -> 
  custom:audio-encoder-webm-vorbis: bf7c407c2cedff20999df2af8eb42d56 -> 
  custom:framework-win-MediaFoundation: 216162199b28c13a410421893ffa2e32 -> 
  custom:container-demuxer-ogg: 62fdf1f143b41e24485cea50d1cbac27 -> 
  custom:video-decoder-webm-vp8: 9c59270c3fd7afecdb556c50c9e8de78 -> 
  custom:audio-decoder-ogg-vorbis: bf7c407c2cedff20999df2af8eb42d56 -> 
========================================================================
Received Prepare
Registering precompiled user dll's ...
Registered in 0.006484 seconds.
Begin MonoManager ReloadAssembly
Native extension for WindowsStandalone target not found
Refreshing native plugins compatible for Editor in 0.69 ms, found 3 plugins.
Preloading 0 native plugins for Editor in 0.00 ms.
Mono: successfully reloaded assembly
- Completed reload, in  1.271 seconds
Domain Reload Profiling:
	ReloadAssembly (1272ms)
		BeginReloadAssembly (148ms)
			ExecutionOrderSort (0ms)
			DisableScriptedObjects (7ms)
			BackupInstance (0ms)
			ReleaseScriptingObjects (0ms)
			CreateAndSetChildDomain (40ms)
		EndReloadAssembly (1008ms)
			LoadAssemblies (102ms)
			RebuildTransferFunctionScriptingTraits (0ms)
			SetupTypeCache (304ms)
			ReleaseScriptCaches (1ms)
			RebuildScriptCaches (59ms)
			SetupLoadedEditorAssemblies (478ms)
				LogAssemblyErrors (0ms)
				InitializePlatformSupportModulesInManaged (21ms)
				SetLoadedEditorAssemblies (1ms)
				RefreshPlugins (1ms)
				BeforeProcessingInitializeOnLoad (80ms)
				ProcessInitializeOnLoadAttributes (321ms)
				ProcessInitializeOnLoadMethodAttributes (48ms)
				AfterProcessingInitializeOnLoad (5ms)
				EditorAssembliesLoaded (0ms)
			ExecutionOrderSort2 (0ms)
			AwakeInstancesAfterBackupRestoration (10ms)
Platform modules already initialized, skipping
Refreshing native plugins compatible for Editor in 4.10 ms, found 3 plugins.
Preloading 0 native plugins for Editor in 0.00 ms.
Unloading 2280 Unused Serialized files (Serialized files now loaded: 0)
Unloading 51 unused Assets / (21.0 MB). Loaded Objects now: 2747.
Memory consumption went from 144.9 MB to 123.9 MB.
Total: 8.340100 ms (FindLiveObjects: 0.268000 ms CreateObjectMapping: 0.243600 ms MarkObjects: 4.555900 ms  DeleteObjects: 3.271300 ms)

AssetImportParameters requested are different than current active one (requested -> active):
  custom:video-decoder-ogg-theora: a1e56fd34408186e4bbccfd4996cb3dc -> 
  custom:container-muxer-webm: aa71ff27fc2769a1b78a27578f13a17b -> 
  custom:container-demuxer-webm: 4f35f7cbe854078d1ac9338744f61a02 -> 
  custom:video-encoder-webm-vp8: eb34c28f22e8b96e1ab97ce403110664 -> 
  custom:audio-encoder-webm-vorbis: bf7c407c2cedff20999df2af8eb42d56 -> 
  custom:framework-win-MediaFoundation: 216162199b28c13a410421893ffa2e32 -> 
  custom:container-demuxer-ogg: 62fdf1f143b41e24485cea50d1cbac27 -> 
  custom:video-decoder-webm-vp8: 9c59270c3fd7afecdb556c50c9e8de78 -> 
  custom:audio-decoder-ogg-vorbis: bf7c407c2cedff20999df2af8eb42d56 -> 
========================================================================
Received Prepare
Registering precompiled user dll's ...
Registered in 0.006106 seconds.
Begin MonoManager ReloadAssembly
Native extension for WindowsStandalone target not found
Refreshing native plugins compatible for Editor in 0.50 ms, found 3 plugins.
Preloading 0 native plugins for Editor in 0.00 ms.
Mono: successfully reloaded assembly
- Completed reload, in  0.959 seconds
Domain Reload Profiling:
	ReloadAssembly (960ms)
		BeginReloadAssembly (138ms)
			ExecutionOrderSort (0ms)
			DisableScriptedObjects (6ms)
			BackupInstance (0ms)
			ReleaseScriptingObjects (0ms)
			CreateAndSetChildDomain (34ms)
		EndReloadAssembly (712ms)
			LoadAssemblies (83ms)
			RebuildTransferFunctionScriptingTraits (0ms)
			SetupTypeCache (217ms)
			ReleaseScriptCaches (1ms)
			RebuildScriptCaches (42ms)
			SetupLoadedEditorAssemblies (324ms)
				LogAssemblyErrors (0ms)
				InitializePlatformSupportModulesInManaged (15ms)
				SetLoadedEditorAssemblies (1ms)
				RefreshPlugins (1ms)
				BeforeProcessingInitializeOnLoad (52ms)
				ProcessInitializeOnLoadAttributes (215ms)
				ProcessInitializeOnLoadMethodAttributes (37ms)
				AfterProcessingInitializeOnLoad (3ms)
				EditorAssembliesLoaded (0ms)
			ExecutionOrderSort2 (0ms)
			AwakeInstancesAfterBackupRestoration (7ms)
Platform modules already initialized, skipping
Refreshing native plugins compatible for Editor in 2.35 ms, found 3 plugins.
Preloading 0 native plugins for Editor in 0.00 ms.
Unloading 2280 Unused Serialized files (Serialized files now loaded: 0)
Unloading 51 unused Assets / (21.0 MB). Loaded Objects now: 2751.
Memory consumption went from 144.9 MB to 123.9 MB.
Total: 6.311600 ms (FindLiveObjects: 0.217300 ms CreateObjectMapping: 0.102200 ms MarkObjects: 3.035200 ms  DeleteObjects: 2.956000 ms)

AssetImportParameters requested are different than current active one (requested -> active):
  custom:video-decoder-ogg-theora: a1e56fd34408186e4bbccfd4996cb3dc -> 
  custom:container-muxer-webm: aa71ff27fc2769a1b78a27578f13a17b -> 
  custom:container-demuxer-webm: 4f35f7cbe854078d1ac9338744f61a02 -> 
  custom:video-encoder-webm-vp8: eb34c28f22e8b96e1ab97ce403110664 -> 
  custom:audio-encoder-webm-vorbis: bf7c407c2cedff20999df2af8eb42d56 -> 
  custom:framework-win-MediaFoundation: 216162199b28c13a410421893ffa2e32 -> 
  custom:container-demuxer-ogg: 62fdf1f143b41e24485cea50d1cbac27 -> 
  custom:video-decoder-webm-vp8: 9c59270c3fd7afecdb556c50c9e8de78 -> 
  custom:audio-decoder-ogg-vorbis: bf7c407c2cedff20999df2af8eb42d56 -> 
